[debug] [2024-02-26T02:35:04.471Z] ----------------------------------------------------------------------
[debug] [2024-02-26T02:35:04.477Z] Command:       C:\Program Files\nodejs\node.exe C:\Users\Lenovo\AppData\Roaming\npm\node_modules\firebase-tools\lib\bin\firebase.js projects:list --json
[debug] [2024-02-26T02:35:04.478Z] CLI Version:   13.0.3
[debug] [2024-02-26T02:35:04.479Z] Platform:      win32
[debug] [2024-02-26T02:35:04.479Z] Node Version:  v21.5.0
[debug] [2024-02-26T02:35:04.479Z] Time:          Mon Feb 26 2024 08:05:04 GMT+0530 (India Standard Time)
[debug] [2024-02-26T02:35:04.480Z] ----------------------------------------------------------------------
[debug] 
[debug] [2024-02-26T02:35:04.497Z] > command requires scopes: ["email","openid","https://www.googleapis.com/auth/cloudplatformprojects.readonly","https://www.googleapis.com/auth/firebase","https://www.googleapis.com/auth/cloud-platform"]
[debug] [2024-02-26T02:35:04.498Z] > authorizing via signed-in user (akhilpthomas466@gmail.com)
[debug] [2024-02-26T02:35:04.504Z] > refreshing access token with scopes: []
[debug] [2024-02-26T02:35:04.507Z] >>> [apiv2][query] POST https://www.googleapis.com/oauth2/v3/token [none]
[debug] [2024-02-26T02:35:04.515Z] >>> [apiv2][body] POST https://www.googleapis.com/oauth2/v3/token [omitted]
[debug] [2024-02-26T02:35:04.988Z] <<< [apiv2][status] POST https://www.googleapis.com/oauth2/v3/token 400
[debug] [2024-02-26T02:35:04.989Z] <<< [apiv2][body] POST https://www.googleapis.com/oauth2/v3/token [omitted]
[debug] [2024-02-26T02:35:04.991Z] >>> [apiv2][query] GET https://firebase.googleapis.com/v1beta1/projects pageSize=1000
[debug] [2024-02-26T02:35:05.458Z] <<< [apiv2][status] GET https://firebase.googleapis.com/v1beta1/projects 401
[debug] [2024-02-26T02:35:05.459Z] <<< [apiv2][body] GET https://firebase.googleapis.com/v1beta1/projects [omitted]
[debug] [2024-02-26T02:35:05.462Z] HTTP Error: 401, Request had invalid authentication credentials. Expected OAuth 2 access token, login cookie or other valid authentication credential. See https://developers.google.com/identity/sign-in/web/devconsole-project.
[debug] [2024-02-26T02:35:05.747Z] FirebaseError: HTTP Error: 401, Request had invalid authentication credentials. Expected OAuth 2 access token, login cookie or other valid authentication credential. See https://developers.google.com/identity/sign-in/web/devconsole-project.
    at responseToError (C:\Users\Lenovo\AppData\Roaming\npm\node_modules\firebase-tools\lib\responseToError.js:49:12)
    at RetryOperation._fn (C:\Users\Lenovo\AppData\Roaming\npm\node_modules\firebase-tools\lib\apiv2.js:292:77)
    at process.processTicksAndRejections (node:internal/process/task_queues:95:5)
[error] 
[error] Error: Failed to list Firebase projects. See firebase-debug.log for more info.
